mode: set
lms-1/internal/transport/http/calc.go:10.76,15.63 3 1
lms-1/internal/transport/http/calc.go:15.63,20.3 3 1
lms-1/internal/transport/http/calc.go:22.2,23.16 2 1
lms-1/internal/transport/http/calc.go:23.16,28.3 3 1
lms-1/internal/transport/http/calc.go:30.2,35.37 4 1
lms-1/internal/transport/http/handler.go:12.46,14.2 1 1
lms-1/internal/transport/http/handler.go:16.47,22.2 3 0
lms-1/internal/transport/http/middleware.go:10.62,11.71 1 1
lms-1/internal/transport/http/middleware.go:11.71,12.34 1 1
lms-1/internal/transport/http/middleware.go:12.34,18.4 3 1
lms-1/internal/transport/http/middleware.go:19.3,19.23 1 1
